<?xml version="1.0" encoding="UTF-8"?>
<testsuite name="FizzBuzzTest" tests="6" skipped="0" failures="0" errors="0" timestamp="2023-02-27T12:59:59" hostname="christianpinna-ThinkPad-T480" time="0.045">
  <properties/>
  <testcase name="testGenerateBuzzesAtNumberFive()" classname="FizzBuzzTest" time="0.026"/>
  <testcase name="testGenerateFizzesAtNumberThree()" classname="FizzBuzzTest" time="0.001"/>
  <testcase name="testGenerateWorksUntilOneHundred()" classname="FizzBuzzTest" time="0.006"/>
  <testcase name="testGenerateFizzBuzzesAtNumberFifteen()" classname="FizzBuzzTest" time="0.002"/>
  <testcase name="testGenerateListsNumbersUpToOne()" classname="FizzBuzzTest" time="0.0"/>
  <testcase name="testGenerateListsNumbersUpToTwo()" classname="FizzBuzzTest" time="0.001"/>
  <system-out><![CDATA[]]></system-out>
  <system-err><![CDATA[]]></system-err>
</testsuite>
