<?xml version="1.0" encoding="UTF-8"?>
<testsuite name="bank.AccountTest" tests="1" skipped="0" failures="0" errors="0" timestamp="2023-03-03T10:18:46" hostname="christianpinna-ThinkPad-T480" time="0.021">
  <properties/>
  <testcase name="testNegativeNumbersError()" classname="bank.AccountTest" time="0.021"/>
  <system-out><![CDATA[]]></system-out>
  <system-err><![CDATA[]]></system-err>
</testsuite>
